<?xml version="1.0" encoding="UTF-8"?>
<testng-results ignored="0" total="1" passed="1" failed="0" skipped="0">
  <reporter-output>
  </reporter-output>
  <suite started-at="2019-08-06T08:39:42Z" name="Default suite" finished-at="2019-08-06T08:39:50Z" duration-ms="8718">
    <groups>
    </groups>
    <test started-at="2019-08-06T08:39:42Z" name="Default test" finished-at="2019-08-06T08:39:50Z" duration-ms="8718">
      <class name="com.atmecs.qa.testscripts.InsightsTest">
        <test-method is-config="true" signature="getBrowser()[pri:0, instance:com.atmecs.qa.testscripts.InsightsTest@7ed7259e]" started-at="2019-08-06T08:39:42Z" name="getBrowser" finished-at="2019-08-06T08:39:50Z" duration-ms="8382" status="PASS">
          <reporter-output>
          </reporter-output>
        </test-method> <!-- getBrowser -->
        <test-method signature="testInsights()[pri:0, instance:com.atmecs.qa.testscripts.InsightsTest@7ed7259e]" started-at="2019-08-06T08:39:50Z" name="testInsights" finished-at="2019-08-06T08:39:50Z" duration-ms="299" status="PASS">
          <reporter-output>
          </reporter-output>
        </test-method> <!-- testInsights -->
      </class> <!-- com.atmecs.qa.testscripts.InsightsTest -->
    </test> <!-- Default test -->
  </suite> <!-- Default suite -->
</testng-results>
