<?xml version="1.0" encoding="UTF-8"?>
<!-- Generated by org.testng.reporters.JUnitXMLReporter -->
<testsuite ignored="0" hostname="ATMECSINDT-066" failures="0" tests="5" name="Atmecs Web Page Test Cases" time="75.188" errors="0" timestamp="06 Aug 2019 07:40:09 GMT">
  <testcase classname="com.atmecs.qa.testscripts.InsightsTest" name="testInsights" time="0.325"/>
  <testcase classname="com.atmecs.qa.testscripts.CaseStudiesTest" name="testCaseStudies" time="5.689"/>
  <testcase classname="com.atmecs.qa.testscripts.BlogsTest" name="testCaseStudies" time="7.749"/>
  <testcase classname="com.atmecs.qa.testscripts.ThisWeekInDigitalTest" name="testThisWeekInDigital" time="9.939"/>
  <testcase classname="com.atmecs.qa.testscripts.WebinarsTest" name="testWebinars" time="6.145"/>
</testsuite> <!-- Atmecs Web Page Test Cases -->
